2020-11-07 11:42:19.569  INFO 21768 --- [main] c.u.unadopcion.UnadopcionApplication     : Starting UnadopcionApplication on john-HP-Stream with PID 21768 (/home/john/Documents/proyectoIngesoftII/Backend/unadopcion/target/classes started by john in /home/john/Documents/proyectoIngesoftII/Backend/unadopcion)
2020-11-07 11:42:19.637  INFO 21768 --- [main] c.u.unadopcion.UnadopcionApplication     : No active profile set, falling back to default profiles: default
2020-11-07 11:42:24.122  INFO 21768 --- [main] .s.d.r.c.RepositoryConfigurationDelegate : Multiple Spring Data modules found, entering strict repository configuration mode!
2020-11-07 11:42:24.126  INFO 21768 --- [main] .s.d.r.c.RepositoryConfigurationDelegate : Bootstrapping Spring Data JDBC repositories in DEFAULT mode.
2020-11-07 11:42:24.255  INFO 21768 --- [main] .RepositoryConfigurationExtensionSupport : Spring Data JDBC - Could not safely identify store assignment for repository candidate interface com.unadopcion.unadopcion.repositorio.AdopcionRepositorio. If you want this repository to be a JDBC repository, consider annotating your entities with one of these annotations: org.springframework.data.relational.core.mapping.Table.
2020-11-07 11:42:24.259  INFO 21768 --- [main] .RepositoryConfigurationExtensionSupport : Spring Data JDBC - Could not safely identify store assignment for repository candidate interface com.unadopcion.unadopcion.repositorio.AnimalRepositorio. If you want this repository to be a JDBC repository, consider annotating your entities with one of these annotations: org.springframework.data.relational.core.mapping.Table.
2020-11-07 11:42:24.266  INFO 21768 --- [main] .RepositoryConfigurationExtensionSupport : Spring Data JDBC - Could not safely identify store assignment for repository candidate interface com.unadopcion.unadopcion.repositorio.DenunciaRepositorio. If you want this repository to be a JDBC repository, consider annotating your entities with one of these annotations: org.springframework.data.relational.core.mapping.Table.
2020-11-07 11:42:24.276  INFO 21768 --- [main] .RepositoryConfigurationExtensionSupport : Spring Data JDBC - Could not safely identify store assignment for repository candidate interface com.unadopcion.unadopcion.repositorio.LogeoRepositorio. If you want this repository to be a JDBC repository, consider annotating your entities with one of these annotations: org.springframework.data.relational.core.mapping.Table.
2020-11-07 11:42:24.283  INFO 21768 --- [main] .RepositoryConfigurationExtensionSupport : Spring Data JDBC - Could not safely identify store assignment for repository candidate interface com.unadopcion.unadopcion.repositorio.RegistroRepositorio. If you want this repository to be a JDBC repository, consider annotating your entities with one of these annotations: org.springframework.data.relational.core.mapping.Table.
2020-11-07 11:42:24.287  INFO 21768 --- [main] .RepositoryConfigurationExtensionSupport : Spring Data JDBC - Could not safely identify store assignment for repository candidate interface com.unadopcion.unadopcion.repositorio.UsuarioRepositorio. If you want this repository to be a JDBC repository, consider annotating your entities with one of these annotations: org.springframework.data.relational.core.mapping.Table.
2020-11-07 11:42:24.289  INFO 21768 --- [main] .s.d.r.c.RepositoryConfigurationDelegate : Finished Spring Data repository scanning in 148ms. Found 0 JDBC repository interfaces.
2020-11-07 11:42:24.317  INFO 21768 --- [main] .s.d.r.c.RepositoryConfigurationDelegate : Multiple Spring Data modules found, entering strict repository configuration mode!
2020-11-07 11:42:24.318  INFO 21768 --- [main] .s.d.r.c.RepositoryConfigurationDelegate : Bootstrapping Spring Data JPA repositories in DEFERRED mode.
2020-11-07 11:42:24.637  INFO 21768 --- [main] .s.d.r.c.RepositoryConfigurationDelegate : Finished Spring Data repository scanning in 291ms. Found 6 JPA repository interfaces.
2020-11-07 11:42:27.973  INFO 21768 --- [main] o.s.b.w.embedded.tomcat.TomcatWebServer  : Tomcat initialized with port(s): 8080 (http)
2020-11-07 11:42:27.996  INFO 21768 --- [main] o.apache.catalina.core.StandardService   : Starting service [Tomcat]
2020-11-07 11:42:28.001  INFO 21768 --- [main] org.apache.catalina.core.StandardEngine  : Starting Servlet engine: [Apache Tomcat/9.0.38]
2020-11-07 11:42:28.521  INFO 21768 --- [main] o.a.c.c.C.[Tomcat].[localhost].[/]       : Initializing Spring embedded WebApplicationContext
2020-11-07 11:42:28.533  INFO 21768 --- [main] w.s.c.ServletWebServerApplicationContext : Root WebApplicationContext: initialization completed in 8440 ms
2020-11-07 11:42:29.133  INFO 21768 --- [main] o.f.c.internal.license.VersionPrinter    : Flyway Community Edition 6.4.4 by Redgate
2020-11-07 11:42:30.582  INFO 21768 --- [main] o.f.c.internal.database.DatabaseFactory  : Database: jdbc:mysql://localhost:3306/unadopciondb (MySQL 8.0)
2020-11-07 11:42:30.853  INFO 21768 --- [main] o.f.core.internal.command.DbMigrate      : Current version of schema `unadopciondb`: 1.4
2020-11-07 11:42:30.858  INFO 21768 --- [main] o.f.core.internal.command.DbMigrate      : Schema `unadopciondb` is up to date. No migration necessary.
2020-11-07 11:42:31.683  INFO 21768 --- [main] o.s.s.concurrent.ThreadPoolTaskExecutor  : Initializing ExecutorService 'applicationTaskExecutor'
2020-11-07 11:42:31.870  INFO 21768 --- [task-1] o.hibernate.jpa.internal.util.LogHelper  : HHH000204: Processing PersistenceUnitInfo [name: default]
2020-11-07 11:42:32.091  WARN 21768 --- [main] JpaBaseConfiguration$JpaWebConfiguration : spring.jpa.open-in-view is enabled by default. Therefore, database queries may be performed during view rendering. Explicitly configure spring.jpa.open-in-view to disable this warning
2020-11-07 11:42:32.131  INFO 21768 --- [task-1] org.hibernate.Version                    : HHH000412: Hibernate ORM core version 6.0.0.Alpha6
2020-11-07 11:42:32.924  INFO 21768 --- [task-1] o.hibernate.annotations.common.Version   : HCANN000001: Hibernate Commons Annotations {5.1.0.Final}
2020-11-07 11:42:33.558  INFO 21768 --- [task-1] com.zaxxer.hikari.HikariDataSource       : HikariPool-1 - Starting...
2020-11-07 11:42:33.562  INFO 21768 --- [main] o.s.s.web.DefaultSecurityFilterChain     : Creating filter chain: Ant [pattern='/**'], [org.springframework.security.web.context.request.async.WebAsyncManagerIntegrationFilter@7af327e3, org.springframework.security.web.context.SecurityContextPersistenceFilter@3a40bb52, org.springframework.security.web.header.HeaderWriterFilter@37775bb1, org.springframework.web.filter.CorsFilter@743d0d44, org.springframework.security.web.authentication.logout.LogoutFilter@78d92eef, org.springframework.security.oauth2.client.web.OAuth2AuthorizationRequestRedirectFilter@57ce2898, org.springframework.security.oauth2.client.web.OAuth2LoginAuthenticationFilter@1fe8f5e8, org.springframework.security.web.authentication.ui.DefaultLoginPageGeneratingFilter@477523ba, org.springframework.security.web.authentication.ui.DefaultLogoutPageGeneratingFilter@35563e4c, org.springframework.security.web.savedrequest.RequestCacheAwareFilter@1e2445f6, org.springframework.security.web.servletapi.SecurityContextHolderAwareRequestFilter@42a0786f, org.springframework.security.web.authentication.AnonymousAuthenticationFilter@6dd79214, org.springframework.security.web.session.SessionManagementFilter@2d206a71, org.springframework.security.web.access.ExceptionTranslationFilter@16681017, org.springframework.security.web.access.intercept.FilterSecurityInterceptor@646d810b]
2020-11-07 11:42:33.806  INFO 21768 --- [task-1] com.zaxxer.hikari.HikariDataSource       : HikariPool-1 - Start completed.
2020-11-07 11:42:33.924  INFO 21768 --- [task-1] SQL dialect                              : HHH000400: Using dialect: org.hibernate.dialect.MySQLDialect
2020-11-07 11:42:36.180  INFO 21768 --- [main] o.s.b.w.embedded.tomcat.TomcatWebServer  : Tomcat started on port(s): 8080 (http) with context path ''
2020-11-07 11:42:36.192  INFO 21768 --- [main] DeferredRepositoryInitializationListener : Triggering deferred initialization of Spring Data repositories…
2020-11-07 11:42:37.293  INFO 21768 --- [task-1] o.h.e.t.j.p.i.JtaPlatformInitiator       : HHH000490: Using JtaPlatform implementation: [org.hibernate.engine.transaction.jta.platform.internal.NoJtaPlatform]
2020-11-07 11:42:37.312  INFO 21768 --- [task-1] j.LocalContainerEntityManagerFactoryBean : Initialized JPA EntityManagerFactory for persistence unit 'default'
2020-11-07 11:42:38.778  INFO 21768 --- [main] DeferredRepositoryInitializationListener : Spring Data repositories initialized!
2020-11-07 11:42:38.830  INFO 21768 --- [main] c.u.unadopcion.UnadopcionApplication     : Started UnadopcionApplication in 22.868 seconds (JVM running for 27.658)
2020-11-07 12:10:59.078  INFO 21768 --- [http-nio-8080-exec-1] o.a.c.c.C.[Tomcat].[localhost].[/]       : Initializing Spring DispatcherServlet 'dispatcherServlet'
2020-11-07 12:10:59.080  INFO 21768 --- [http-nio-8080-exec-1] o.s.web.servlet.DispatcherServlet        : Initializing Servlet 'dispatcherServlet'
2020-11-07 12:10:59.104  INFO 21768 --- [http-nio-8080-exec-1] o.s.web.servlet.DispatcherServlet        : Completed initialization in 23 ms
2020-11-07 12:11:17.648  INFO 21768 --- [http-nio-8080-exec-2] c.u.u.c.GoogleAPIControlador             : Nuevo usuario Jhon Montoya Gomez
2020-11-07 12:11:17.655  INFO 21768 --- [http-nio-8080-exec-2] c.u.u.c.GoogleAPIControlador             : Usuario se a logeado Jhon Montoya Gomez 100208585498896465550 jjmontoyagg@gmail.com foto https://lh6.googleusercontent.com/-lYxiCfDgOWY/AAAAAAAAAAI/AAAAAAAAAAA/AMZuucmPks8pKGH5u8GccRx4gSw_Lkg-0A/s96-c/photo.jpg
2020-11-07 12:12:00.713  INFO 21768 --- [http-nio-8080-exec-7] c.u.u.c.BusquedaAnimalControlador        : Busqueda animal por:Perro
2020-11-07 12:12:04.375  INFO 21768 --- [http-nio-8080-exec-8] c.u.u.c.BusquedaAnimalControlador        : Busqueda animal por:Ave
2020-11-07 12:12:44.467  INFO 21768 --- [http-nio-8080-exec-10] c.u.u.c.BusquedaAnimalControlador        : Busqueda animal por:Gato
2020-11-07 12:15:13.117  INFO 21768 --- [SpringContextShutdownHook] j.LocalContainerEntityManagerFactoryBean : Closing JPA EntityManagerFactory for persistence unit 'default'
2020-11-07 12:15:13.133  INFO 21768 --- [SpringContextShutdownHook] o.s.s.concurrent.ThreadPoolTaskExecutor  : Shutting down ExecutorService 'applicationTaskExecutor'
2020-11-07 12:15:13.135  INFO 21768 --- [SpringContextShutdownHook] com.zaxxer.hikari.HikariDataSource       : HikariPool-1 - Shutdown initiated...
2020-11-07 12:15:13.156  INFO 21768 --- [SpringContextShutdownHook] com.zaxxer.hikari.HikariDataSource       : HikariPool-1 - Shutdown completed.
2020-11-07 12:51:29.089  INFO 25207 --- [main] c.u.unadopcion.UnadopcionApplication     : Starting UnadopcionApplication on john-HP-Stream with PID 25207 (/home/john/Documents/proyectoIngesoftII/Backend/unadopcion/target/classes started by john in /home/john/Documents/proyectoIngesoftII/Backend/unadopcion)
2020-11-07 12:51:29.116  INFO 25207 --- [main] c.u.unadopcion.UnadopcionApplication     : No active profile set, falling back to default profiles: default
2020-11-07 12:51:34.369  INFO 25207 --- [main] .s.d.r.c.RepositoryConfigurationDelegate : Multiple Spring Data modules found, entering strict repository configuration mode!
2020-11-07 12:51:34.373  INFO 25207 --- [main] .s.d.r.c.RepositoryConfigurationDelegate : Bootstrapping Spring Data JDBC repositories in DEFAULT mode.
2020-11-07 12:51:34.498  INFO 25207 --- [main] .RepositoryConfigurationExtensionSupport : Spring Data JDBC - Could not safely identify store assignment for repository candidate interface com.unadopcion.unadopcion.repositorio.AdopcionRepositorio. If you want this repository to be a JDBC repository, consider annotating your entities with one of these annotations: org.springframework.data.relational.core.mapping.Table.
2020-11-07 12:51:34.503  INFO 25207 --- [main] .RepositoryConfigurationExtensionSupport : Spring Data JDBC - Could not safely identify store assignment for repository candidate interface com.unadopcion.unadopcion.repositorio.AnimalRepositorio. If you want this repository to be a JDBC repository, consider annotating your entities with one of these annotations: org.springframework.data.relational.core.mapping.Table.
2020-11-07 12:51:34.508  INFO 25207 --- [main] .RepositoryConfigurationExtensionSupport : Spring Data JDBC - Could not safely identify store assignment for repository candidate interface com.unadopcion.unadopcion.repositorio.DenunciaRepositorio. If you want this repository to be a JDBC repository, consider annotating your entities with one of these annotations: org.springframework.data.relational.core.mapping.Table.
2020-11-07 12:51:34.513  INFO 25207 --- [main] .RepositoryConfigurationExtensionSupport : Spring Data JDBC - Could not safely identify store assignment for repository candidate interface com.unadopcion.unadopcion.repositorio.LogeoRepositorio. If you want this repository to be a JDBC repository, consider annotating your entities with one of these annotations: org.springframework.data.relational.core.mapping.Table.
2020-11-07 12:51:34.517  INFO 25207 --- [main] .RepositoryConfigurationExtensionSupport : Spring Data JDBC - Could not safely identify store assignment for repository candidate interface com.unadopcion.unadopcion.repositorio.RegistroRepositorio. If you want this repository to be a JDBC repository, consider annotating your entities with one of these annotations: org.springframework.data.relational.core.mapping.Table.
2020-11-07 12:51:34.522  INFO 25207 --- [main] .RepositoryConfigurationExtensionSupport : Spring Data JDBC - Could not safely identify store assignment for repository candidate interface com.unadopcion.unadopcion.repositorio.UsuarioRepositorio. If you want this repository to be a JDBC repository, consider annotating your entities with one of these annotations: org.springframework.data.relational.core.mapping.Table.
2020-11-07 12:51:34.524  INFO 25207 --- [main] .s.d.r.c.RepositoryConfigurationDelegate : Finished Spring Data repository scanning in 136ms. Found 0 JDBC repository interfaces.
2020-11-07 12:51:34.555  INFO 25207 --- [main] .s.d.r.c.RepositoryConfigurationDelegate : Multiple Spring Data modules found, entering strict repository configuration mode!
2020-11-07 12:51:34.556  INFO 25207 --- [main] .s.d.r.c.RepositoryConfigurationDelegate : Bootstrapping Spring Data JPA repositories in DEFERRED mode.
2020-11-07 12:51:34.826  INFO 25207 --- [main] .s.d.r.c.RepositoryConfigurationDelegate : Finished Spring Data repository scanning in 254ms. Found 6 JPA repository interfaces.
2020-11-07 12:51:36.577  INFO 25207 --- [main] o.s.b.w.embedded.tomcat.TomcatWebServer  : Tomcat initialized with port(s): 8080 (http)
2020-11-07 12:51:36.600  INFO 25207 --- [main] o.apache.catalina.core.StandardService   : Starting service [Tomcat]
2020-11-07 12:51:36.602  INFO 25207 --- [main] org.apache.catalina.core.StandardEngine  : Starting Servlet engine: [Apache Tomcat/9.0.38]
2020-11-07 12:51:37.014  INFO 25207 --- [main] o.a.c.c.C.[Tomcat].[localhost].[/]       : Initializing Spring embedded WebApplicationContext
2020-11-07 12:51:37.019  INFO 25207 --- [main] w.s.c.ServletWebServerApplicationContext : Root WebApplicationContext: initialization completed in 7441 ms
2020-11-07 12:51:37.819  INFO 25207 --- [main] o.f.c.internal.license.VersionPrinter    : Flyway Community Edition 6.4.4 by Redgate
2020-11-07 12:51:39.146  INFO 25207 --- [main] o.f.c.internal.database.DatabaseFactory  : Database: jdbc:mysql://localhost:3306/unadopciondb (MySQL 8.0)
2020-11-07 12:51:39.317  INFO 25207 --- [main] o.f.core.internal.command.DbMigrate      : Current version of schema `unadopciondb`: 1.4
2020-11-07 12:51:39.360  INFO 25207 --- [main] o.f.core.internal.command.DbMigrate      : Migrating schema `unadopciondb` to version 1.5 - Cambio tamano usuario email
2020-11-07 12:51:39.587  INFO 25207 --- [main] o.f.core.internal.command.DbMigrate      : Successfully applied 1 migration to schema `unadopciondb` (execution time 00:00.337s)
2020-11-07 12:51:39.908  INFO 25207 --- [main] o.s.s.concurrent.ThreadPoolTaskExecutor  : Initializing ExecutorService 'applicationTaskExecutor'
2020-11-07 12:51:40.173  INFO 25207 --- [task-1] o.hibernate.jpa.internal.util.LogHelper  : HHH000204: Processing PersistenceUnitInfo [name: default]
2020-11-07 12:51:40.425  WARN 25207 --- [main] JpaBaseConfiguration$JpaWebConfiguration : spring.jpa.open-in-view is enabled by default. Therefore, database queries may be performed during view rendering. Explicitly configure spring.jpa.open-in-view to disable this warning
2020-11-07 12:51:40.995  INFO 25207 --- [task-1] org.hibernate.Version                    : HHH000412: Hibernate ORM core version 6.0.0.Alpha6
2020-11-07 12:51:42.580  INFO 25207 --- [task-1] o.hibernate.annotations.common.Version   : HCANN000001: Hibernate Commons Annotations {5.1.0.Final}
2020-11-07 12:51:42.650  INFO 25207 --- [main] o.s.s.web.DefaultSecurityFilterChain     : Creating filter chain: Ant [pattern='/**'], [org.springframework.security.web.context.request.async.WebAsyncManagerIntegrationFilter@35f7969d, org.springframework.security.web.context.SecurityContextPersistenceFilter@54495935, org.springframework.security.web.header.HeaderWriterFilter@1eb85a47, org.springframework.web.filter.CorsFilter@3404e5c4, org.springframework.security.web.authentication.logout.LogoutFilter@1e495414, org.springframework.security.oauth2.client.web.OAuth2AuthorizationRequestRedirectFilter@4d81e83a, org.springframework.security.oauth2.client.web.OAuth2LoginAuthenticationFilter@62cf6a84, org.springframework.security.web.authentication.ui.DefaultLoginPageGeneratingFilter@403364e9, org.springframework.security.web.authentication.ui.DefaultLogoutPageGeneratingFilter@47569167, org.springframework.security.web.savedrequest.RequestCacheAwareFilter@3a6e9856, org.springframework.security.web.servletapi.SecurityContextHolderAwareRequestFilter@6f3bd37f, org.springframework.security.web.authentication.AnonymousAuthenticationFilter@42d9e8d2, org.springframework.security.web.session.SessionManagementFilter@99a8de3, org.springframework.security.web.access.ExceptionTranslationFilter@34c62fdf, org.springframework.security.web.access.intercept.FilterSecurityInterceptor@71166348]
2020-11-07 12:51:43.188  INFO 25207 --- [task-1] com.zaxxer.hikari.HikariDataSource       : HikariPool-1 - Starting...
2020-11-07 12:51:43.515  INFO 25207 --- [task-1] com.zaxxer.hikari.HikariDataSource       : HikariPool-1 - Start completed.
2020-11-07 12:51:43.653  INFO 25207 --- [task-1] SQL dialect                              : HHH000400: Using dialect: org.hibernate.dialect.MySQLDialect
2020-11-07 12:51:46.259  INFO 25207 --- [main] o.s.b.w.embedded.tomcat.TomcatWebServer  : Tomcat started on port(s): 8080 (http) with context path ''
2020-11-07 12:51:46.280  INFO 25207 --- [main] DeferredRepositoryInitializationListener : Triggering deferred initialization of Spring Data repositories…
2020-11-07 12:51:48.826  INFO 25207 --- [task-1] o.h.e.t.j.p.i.JtaPlatformInitiator       : HHH000490: Using JtaPlatform implementation: [org.hibernate.engine.transaction.jta.platform.internal.NoJtaPlatform]
2020-11-07 12:51:48.861  INFO 25207 --- [task-1] j.LocalContainerEntityManagerFactoryBean : Initialized JPA EntityManagerFactory for persistence unit 'default'
2020-11-07 12:51:50.478  INFO 25207 --- [main] DeferredRepositoryInitializationListener : Spring Data repositories initialized!
2020-11-07 12:51:50.545  INFO 25207 --- [main] c.u.unadopcion.UnadopcionApplication     : Started UnadopcionApplication in 23.481 seconds (JVM running for 28.422)
2020-11-07 13:12:46.060  INFO 25207 --- [http-nio-8080-exec-1] o.a.c.c.C.[Tomcat].[localhost].[/]       : Initializing Spring DispatcherServlet 'dispatcherServlet'
2020-11-07 13:12:46.065  INFO 25207 --- [http-nio-8080-exec-1] o.s.web.servlet.DispatcherServlet        : Initializing Servlet 'dispatcherServlet'
2020-11-07 13:12:46.114  INFO 25207 --- [http-nio-8080-exec-1] o.s.web.servlet.DispatcherServlet        : Completed initialization in 48 ms
2020-11-07 13:12:58.166  INFO 25207 --- [http-nio-8080-exec-4] c.u.u.c.GoogleAPIControlador             : Usuario existente Silence Dogood
2020-11-07 13:12:58.168  INFO 25207 --- [http-nio-8080-exec-4] c.u.u.c.GoogleAPIControlador             : Usuario se a logeado Silence Dogood 101967283686267454695 ilovehelenholman@gmail.com foto https://lh3.googleusercontent.com/a-/AOh14GhtpGmZfpcpFGrnwSp7ECMH1Ussg4NuDH90bmdVSw=s96-c
2020-11-07 13:13:38.420  INFO 25207 --- [http-nio-8080-exec-6] c.u.u.c.BusquedaAnimalControlador        : Busqueda animal por:Perro
2020-11-07 13:13:41.595  INFO 25207 --- [http-nio-8080-exec-7] c.u.u.c.BusquedaAnimalControlador        : Busqueda animal por:Gato
2020-11-07 14:59:34.777  INFO 25207 --- [http-nio-8080-exec-2] c.u.u.c.GoogleAPIControlador             : Usuario existente Silence Dogood
2020-11-07 14:59:34.787  INFO 25207 --- [http-nio-8080-exec-2] c.u.u.c.GoogleAPIControlador             : Usuario se a logeado Silence Dogood 101967283686267454695 ilovehelenholman@gmail.com foto https://lh3.googleusercontent.com/a-/AOh14GhtpGmZfpcpFGrnwSp7ECMH1Ussg4NuDH90bmdVSw=s96-c
2020-11-07 15:44:55.242  INFO 25207 --- [http-nio-8080-exec-3] c.u.u.c.GoogleAPIControlador             : Usuario existente Silence Dogood
2020-11-07 15:44:55.245  INFO 25207 --- [http-nio-8080-exec-3] c.u.u.c.GoogleAPIControlador             : Usuario se a logeado Silence Dogood 101967283686267454695 ilovehelenholman@gmail.com foto https://lh3.googleusercontent.com/a-/AOh14GhtpGmZfpcpFGrnwSp7ECMH1Ussg4NuDH90bmdVSw=s96-c
2020-11-07 20:08:53.606  INFO 25207 --- [SpringContextShutdownHook] j.LocalContainerEntityManagerFactoryBean : Closing JPA EntityManagerFactory for persistence unit 'default'
2020-11-07 20:08:53.982  INFO 25207 --- [SpringContextShutdownHook] o.s.s.concurrent.ThreadPoolTaskExecutor  : Shutting down ExecutorService 'applicationTaskExecutor'
2020-11-07 20:08:53.999  INFO 25207 --- [SpringContextShutdownHook] com.zaxxer.hikari.HikariDataSource       : HikariPool-1 - Shutdown initiated...
2020-11-07 20:08:54.110  INFO 25207 --- [SpringContextShutdownHook] com.zaxxer.hikari.HikariDataSource       : HikariPool-1 - Shutdown completed.
